Determining if the pthread_create exist failed with the following output:
Change Dir: /home/mrsl/src/Firmware/Tools/sitl_gazebo/Build/CMakeFiles/CMakeTmp

Run Build Command:"/usr/bin/make" "cmTryCompileExec1482823494/fast"
make[5]: Entering directory `/home/mrsl/src/Firmware/Tools/sitl_gazebo/Build/CMakeFiles/CMakeTmp'
/usr/bin/make -f CMakeFiles/cmTryCompileExec1482823494.dir/build.make CMakeFiles/cmTryCompileExec1482823494.dir/build
make[6]: Entering directory `/home/mrsl/src/Firmware/Tools/sitl_gazebo/Build/CMakeFiles/CMakeTmp'
/usr/bin/cmake -E cmake_progress_report /home/mrsl/src/Firmware/Tools/sitl_gazebo/Build/CMakeFiles/CMakeTmp/CMakeFiles 1
Building C object CMakeFiles/cmTryCompileExec1482823494.dir/CheckSymbolExists.c.o
/usr/bin/cc    -o CMakeFiles/cmTryCompileExec1482823494.dir/CheckSymbolExists.c.o   -c /home/mrsl/src/Firmware/Tools/sitl_gazebo/Build/CMakeFiles/CMakeTmp/CheckSymbolExists.c
Linking C executable cmTryCompileExec1482823494
/usr/bin/cmake -E cmake_link_script CMakeFiles/cmTryCompileExec1482823494.dir/link.txt --verbose=1
/usr/bin/cc       CMakeFiles/cmTryCompileExec1482823494.dir/CheckSymbolExists.c.o  -o cmTryCompileExec1482823494 -rdynamic 
CMakeFiles/cmTryCompileExec1482823494.dir/CheckSymbolExists.c.o: In function `main':
CheckSymbolExists.c:(.text+0x16): undefined reference to `pthread_create'
collect2: error: ld returned 1 exit status
make[6]: Leaving directory `/home/mrsl/src/Firmware/Tools/sitl_gazebo/Build/CMakeFiles/CMakeTmp'
make[6]: *** [cmTryCompileExec1482823494] Error 1
make[5]: Leaving directory `/home/mrsl/src/Firmware/Tools/sitl_gazebo/Build/CMakeFiles/CMakeTmp'
make[5]: *** [cmTryCompileExec1482823494/fast] Error 2

File /home/mrsl/src/Firmware/Tools/sitl_gazebo/Build/CMakeFiles/CMakeTmp/CheckSymbolExists.c:
/* */
#include <pthread.h>

int main(int argc, char** argv)
{
  (void)argv;
#ifndef pthread_create
  return ((int*)(&pthread_create))[argc];
#else
  (void)argc;
  return 0;
#endif
}

Determining if the function pthread_create exists in the pthreads failed with the following output:
Change Dir: /home/mrsl/src/Firmware/Tools/sitl_gazebo/Build/CMakeFiles/CMakeTmp

Run Build Command:"/usr/bin/make" "cmTryCompileExec3126564530/fast"
make[5]: Entering directory `/home/mrsl/src/Firmware/Tools/sitl_gazebo/Build/CMakeFiles/CMakeTmp'
/usr/bin/make -f CMakeFiles/cmTryCompileExec3126564530.dir/build.make CMakeFiles/cmTryCompileExec3126564530.dir/build
make[6]: Entering directory `/home/mrsl/src/Firmware/Tools/sitl_gazebo/Build/CMakeFiles/CMakeTmp'
/usr/bin/cmake -E cmake_progress_report /home/mrsl/src/Firmware/Tools/sitl_gazebo/Build/CMakeFiles/CMakeTmp/CMakeFiles 1
Building C object CMakeFiles/cmTryCompileExec3126564530.dir/CheckFunctionExists.c.o
/usr/bin/cc   -DCHECK_FUNCTION_EXISTS=pthread_create   -o CMakeFiles/cmTryCompileExec3126564530.dir/CheckFunctionExists.c.o   -c /usr/share/cmake-3.2/Modules/CheckFunctionExists.c
Linking C executable cmTryCompileExec3126564530
/usr/bin/cmake -E cmake_link_script CMakeFiles/cmTryCompileExec3126564530.dir/link.txt --verbose=1
/usr/bin/cc   -DCHECK_FUNCTION_EXISTS=pthread_create    CMakeFiles/cmTryCompileExec3126564530.dir/CheckFunctionExists.c.o  -o cmTryCompileExec3126564530 -rdynamic -lpthreads 
/usr/bin/ld: cannot find -lpthreads
collect2: error: ld returned 1 exit status
make[6]: *** [cmTryCompileExec3126564530] Error 1
make[6]: Leaving directory `/home/mrsl/src/Firmware/Tools/sitl_gazebo/Build/CMakeFiles/CMakeTmp'
make[5]: Leaving directory `/home/mrsl/src/Firmware/Tools/sitl_gazebo/Build/CMakeFiles/CMakeTmp'
make[5]: *** [cmTryCompileExec3126564530/fast] Error 2


